
ROM used:   1453/8192 (18%)
            1453/8192 (18%) including unused fragments

            1.0 Average locations per line
            6.5 Average locations per statement

RAM used:   38/368 (10%) at main() level
            46/368 (12%) worst case

Stack used: 4 worst case (3 in main + 1 for interrupts)
Stack size: 8

Lines Stmts  %   Files
----- ----- ---  -----
  130    61  27  project.c
    5     0   0  project.h
  708     0   0  ..\..\..\..\..\..\Program Files (x86)\PICC\Devices\16F877A.h
  466   164  73  ..\..\..\..\..\..\Program Files (x86)\PICC\Drivers\SSD1306.c
  195     0   0  ..\..\..\..\..\..\Program Files (x86)\PICC\Drivers\stdint.h
----- -----
 1504   225 Total

Page ROM  %  RAM    Vol Diff  Functions:
---- --- --- ---    --- ----  ----------
0     20   1    1             @delay_ms1
0     16   1    1             @I2C_WRITEU_129
0    262  18    0             @const735
0    227  16    0             @const738
0     21   1    2    163  2.3  ssd1306_command
0    115   8    2   1213  4.9  SSD1306_Init
0     13   1    2    122  3.9  SSD1306_GotoXY
0    123   8    5   1036  9.2  SSD1306_PutC
0     37   3    2             @MUL88
0     21   1    3             @DIV88
0     45   3    2    408  5.4  SSD1306_ClearDisplay
0     89   6    0    636  5.7  timer0_ovf
0    171  12    2    787  4.8  MAIN
0     11   1    0    497  2.8  @const803
0     88   6    4             @PSTRINGC7_771
0     23   2    5             @MUL1616
0     37   3    5             @DIV1616
0     55   4    2             @PRINTF_U_771
 Inline         0             @cinit1

Program metrics:
    Functions               8
    Statements              225
    Comments                213
    Volume (V)              7138
    Difficulty (D)          38.1
    Effort to implement (E) 271741
    Time to implement (T)   4 hours, 12 minutes
    Est Delivered Bugs (B)  1
    Cyclomatic Complexity   17
    Maintainability (MI)    131

 Segment     Used  Free
-----------  ----  ----
00000-00003     4  0  
00004-0004E    75  0  
0004F-007FF  1374  595  
00800-00FFF     0  2048  
01000-017FF     0  2048  
01800-01FFF     0  2048  



