
ROM used:   1379/8192 (17%)
            1379/8192 (17%) including unused fragments

            1.0 Average locations per line
            7.0 Average locations per statement

RAM used:   15/368 (4%) at main() level
            24/368 (7%) worst case

Stack used: 4 worst case (4 in main + 0 for interrupts)
Stack size: 8

Lines Stmts  %   Files
----- ----- ---  -----
   67    32  16  oled.c
  708     0   0  ..\..\..\..\..\..\Program Files (x86)\PICC\Devices\16F877A.h
  466   164  84  ..\..\..\..\..\..\Program Files (x86)\PICC\Drivers\SSD1306.c
  195     0   0  ..\..\..\..\..\..\Program Files (x86)\PICC\Drivers\stdint.h
----- -----
 1436   196 Total

Page ROM  %  RAM    Vol Diff  Functions:
---- --- --- ---    --- ----  ----------
0     20   1    1             @delay_ms1
0     16   1    1             @I2C_WRITEU_129
0    262  19    0             @const734
0    224  16    0             @const737
0     21   2    2    163  2.3  ssd1306_command
0    115   8    2   1213  4.9  SSD1306_Init
0     24   2    2    183  1.8  SSD1306_StartScrollRight
0     24   2    2    183  1.8  SSD1306_StartScrollLeft
0     30   2    2    231  1.8  SSD1306_StartScrollDiagRight
0     30   2    2    231  1.8  SSD1306_StartScrollDiagLeft
0      4   0    0     21  0.9  SSD1306_StopScroll
0     13   1    2    122  3.9  SSD1306_GotoXY
0    123   9    5   1036  9.2  SSD1306_PutC
0     37   3    2             @MUL88
0     21   2    3             @DIV88
0     45   3    2    408  5.4  SSD1306_ClearDisplay
0    186  13    1    882  2.9  MAIN
0     25   2    0             @const792
0     86   6    4             @PSTRINGC7_770
0      7   1    0             @const797
0      7   1    0             @const798
0     55   4    2             @PRINTF_U_770
 Inline         0             @cinit1

Program metrics:
    Functions               11
    Statements              196
    Comments                215
    Volume (V)              7134
    Difficulty (D)          36.3
    Effort to implement (E) 258768
    Time to implement (T)   4 hours, 0 minutes
    Est Delivered Bugs (B)  1
    Cyclomatic Complexity   9
    Maintainability (MI)    117

 Segment     Used  Free
-----------  ----  ----
00000-00003     4  0  
00004-007FF  1375  669  
00800-00FFF     0  2048  
01000-017FF     0  2048  
01800-01FFF     0  2048  



